<?xml version="1.0" encoding="UTF-8"?>
<testng-results skipped="0" failed="0" ignored="0" total="1" passed="1">
  <reporter-output>
  </reporter-output>
  <suite name="Command line suite" duration-ms="4314" started-at="2022-04-26T17:29:58 IST" finished-at="2022-04-26T17:30:03 IST">
    <groups>
    </groups>
    <test name="Command line test" duration-ms="4314" started-at="2022-04-26T17:29:58 IST" finished-at="2022-04-26T17:30:03 IST">
      <class name="tests.ChapterOneTest">
        <test-method status="PASS" signature="requestUSZipCodeBH()[pri:0, instance:tests.ChapterOneTest@5f9d02cb]" name="requestUSZipCodeBH" duration-ms="4270" started-at="2022-04-26T17:29:58 IST" finished-at="2022-04-26T17:30:03 IST">
          <reporter-output>
          </reporter-output>
        </test-method> <!-- requestUSZipCodeBH -->
      </class> <!-- tests.ChapterOneTest -->
    </test> <!-- Command line test -->
  </suite> <!-- Command line suite -->
</testng-results>
